<?xml version="1.0" encoding="UTF-8"?><testsuite errors="0" failures="0" name="com.bestbuy.bestbuyinfo.ProductsCRUDTest" skipped="0" tests="4" time="1.93" timestamp="2023-06-04T02:05:32.335+01:00[Europe/London]"><testcase classname="com.bestbuy.bestbuyinfo.ProductsCRUDTest" name="This will create a new product "/><testcase classname="com.bestbuy.bestbuyinfo.ProductsCRUDTest" name="Get Product by Product Id "/><testcase classname="com.bestbuy.bestbuyinfo.ProductsCRUDTest" name="Update Product by product Id "/><testcase classname="com.bestbuy.bestbuyinfo.ProductsCRUDTest" name="Delete Product by product Id "/></testsuite>